2023-07-02 18:35:01-warn: [Window] getaddrinfo ENOTFOUND creator-api.cocos.com
2023-07-02 18:37:00-log: [Package] menu@1.0.0 enable
2023-07-02 18:37:00-log: [Package] profile@1.0.0 enable
2023-07-02 18:37:00-log: [Package] project@1.0.1 enable
2023-07-02 18:37:00-log: [Package] messages@1.0.0 enable
2023-07-02 18:37:00-log: [Package] program@1.0.0 enable
2023-07-02 18:37:00-log: [Package] device@1.0.1 enable
2023-07-02 18:37:00-log: [Package] ui-kit@1.0.1 enable
2023-07-02 18:37:00-log: [Package] tester@1.0.0 enable
2023-07-02 18:37:00-log: [Package] preferences@1.0.0 enable
2023-07-02 18:37:01-log: Setup mods mgr.: 466.172ms
2023-07-02 18:37:01-log: Profile changed: engine (modules.includeModules: 2d,audio,base,dragon-bones,gfx-webgl,gfx-webgl2,intersection-2d,marionette,particle-2d,physics-2d-box2d,profiler,spine,tiled-map,tween,ui,video,webview)
2023-07-02 18:37:01-log: [Package] engine@1.0.5 enable
2023-07-02 18:37:05-log: [Package] programming@1.0.0 enable
2023-07-02 18:37:06-log: [Package] engine-extends@1.0.0 enable
2023-07-02 18:37:06-log: [Package] asset-db@1.0.0 enable
2023-07-02 18:37:06-log: [Package] console@1.0.0 enable
2023-07-02 18:37:06-log: [Package] scene@1.0.0 enable
2023-07-02 18:37:06-log: [Package] about@1.0.0 enable
2023-07-02 18:37:06-log: [Package] server@1.0.0 enable
2023-07-02 18:37:07-log: [Package] utils@1.0.0 enable
2023-07-02 18:37:07-log: [Package] inspector@1.0.0 enable
2023-07-02 18:37:07-log: [Package] hierarchy@1.0.0 enable
2023-07-02 18:37:09-log: [Package] preview@1.0.1 enable
2023-07-02 18:37:10-log: [Package] animator@1.0.0 enable
2023-07-02 18:37:14-log: [Package] builder@1.3.1 enable
2023-07-02 18:37:14-log: [Package] node-library@1.0.0 enable
2023-07-02 18:37:14-log: [Package] shortcuts@1.0.1 enable
2023-07-02 18:37:14-log: [Package] package-asset@1.0.0 enable
2023-07-02 18:37:14-log: [Package] reference-image@1.0.0 enable
2023-07-02 18:37:14-log: [Package] animation-graph@1.0.0 enable
2023-07-02 18:37:14-log: [Package] channel-upload-tools@1.0.0 enable
2023-07-02 18:37:14-log: [Package] runtime-dev-tools@1.0.0 enable
2023-07-02 18:37:14-log: [Package] lightmap@1.0.4 enable
2023-07-02 18:37:14-log: [Package] alipay-mini-game@1.0.0 enable
2023-07-02 18:37:14-log: [Package] android@1.0.0 enable
2023-07-02 18:37:14-log: [Package] baidu-mini-game@1.0.0 enable
2023-07-02 18:37:14-log: [Package] bytedance-mini-game@1.0.1 enable
2023-07-02 18:37:14-log: [Package] huawei-agc@1.0.0 enable
2023-07-02 18:37:14-log: [Package] ios@1.0.0 enable
2023-07-02 18:37:14-log: [Package] ios-app-clip@1.0.0 enable
2023-07-02 18:37:14-log: [Package] mac@1.0.0 enable
2023-07-02 18:37:15-log: [Package] native@1.0.0 enable
2023-07-02 18:37:15-log: [Package] ohos@1.0.0 enable
2023-07-02 18:37:15-log: [Package] web-desktop@1.0.0 enable
2023-07-02 18:37:15-log: [Package] web-mobile@1.0.0 enable
2023-07-02 18:37:15-log: [Package] wechatgame@1.0.1 enable
2023-07-02 18:37:15-log: [Package] windows@1.0.0 enable
2023-07-02 18:37:15-log: [Package] xiaomi-quick-game@1.0.0 enable
2023-07-02 18:37:15-log: [Package] cocos-play@1.0.0 enable
2023-07-02 18:37:15-log: [Package] huawei-quick-game@1.0.0 enable
2023-07-02 18:37:15-log: [Package] link-sure@1.0.0 enable
2023-07-02 18:37:15-log: [Package] oppo-mini-game@1.0.0 enable
2023-07-02 18:37:15-log: [Package] qtt@1.0.0 enable
2023-07-02 18:37:15-log: [Package] vivo-mini-game@1.0.0 enable
2023-07-02 18:37:17-log: [Package] cocos-service@3.0.7 enable
2023-07-02 18:37:17-log: [Package] importer@1.0.0 enable
2023-07-02 18:37:17-log: [Package] extension@3.0.15 enable
2023-07-02 18:37:18-log: [Im-plugin] Check im-plugin version.
2023-07-02 18:37:18-log: [Package] im-plugin@3.0.8 enable
2023-07-02 18:37:18-error: get session failed
2023-07-02 18:37:18-error: {
  err: Error: getaddrinfo ENOTFOUND creator-api.cocos.com
      at GetAddrInfoReqWrap.onlookup [as oncomplete] (dns.js:67:26) {
    errno: -3008,
    code: 'ENOTFOUND',
    syscall: 'getaddrinfo',
    hostname: 'creator-api.cocos.com'
  }
}
2023-07-02 18:37:18-error: getImSetting failed
2023-07-02 18:37:18-log: [Im-plugin] No online info of im-plugin.
2023-07-02 18:37:25-warn: Browserslist: caniuse-lite is outdated. Please run:
npx browserslist@latest --update-db

Why you should do it regularly:
https://github.com/browserslist/browserslist#browsers-data-updating
2023-07-02 18:37:26-log: [Scene] Cocos Creator v3.4.2
2023-07-02 18:37:28-info: [Scene] Forward render pipeline initialized.
