2023-6-29 18:38-debug: Start record console... {file(E:\cocosproject\Dome\cocos-start-demo\temp\builder\log\web-mobile2023-6-29 18-38.log)}
2023-6-29 18:38-debug: Build with Cocos Creator 3.4.2
2023-6-29 18:38-debug: =================================== Build Task (web-mobile) Start ================================
2023-6-29 18:38-debug: Start build task, options:{"name":"地牢猎人","platform":"web-mobile","buildPath":"project://build","debug":false,"md5Cache":false,"sourceMaps":false,"replaceSplashScreen":false,"mainBundleCompressionType":"merge_dep","mainBundleIsRemote":false,"mergeStartScene":false,"experimentalEraseModules":false,"compressTexture":true,"packAutoAtlas":true,"startScene":"50eef35f-44e2-4f80-99e2-5421d780cc46","scenes":[{"url":"db://assets/Scene/loading.scene","uuid":"50eef35f-44e2-4f80-99e2-5421d780cc46","inBundle":false},{"url":"db://assets/Scene/scene.scene","uuid":"85ffdebb-36cc-42ae-ac43-c37eda52ad42","inBundle":false},{"url":"db://assets/Scene/start.scene","uuid":"f487ee25-da22-4cd4-bb1d-3a3f1d1786a5","inBundle":false}],"outputName":"web-mobile","packages":{"web-mobile":{"orientation":"auto","polyfills":{"asyncFunctions":true}},"cocos-service":{"configID":"ea7fed","services":[]}}}
2023-6-29 18:38-debug: Process: heapTotal 648.04MB heapUsed 495.82MB rss 12.14MB
2023-6-29 18:38-debug: cocos-service:(onBeforeBuild) start...0%
2023-6-29 18:38-debug: // ---- cocos-service:(onBeforeBuild) ----
2023-6-29 18:38-debug: // ---- cocos-service:(onBeforeBuild) success ----
2023-6-29 18:38-debug: cocos-service:(onBeforeBuild)3%
2023-6-29 18:38-debug: Query all assets info in project
2023-6-29 18:38-debug: init custom config: keepNodeUuid: false, useCache: true
2023-6-29 18:38-debug: BuildAssetLibrary query-assets with assets 490
2023-6-29 18:38-debug: BuildAssetLibrary initialized with asset 1229!
2023-6-29 18:38-debug:   Number of all scripts: 84
2023-6-29 18:38-debug:   Number of other assets: 1835
2023-6-29 18:38-debug: web-mobile:(onAfterInit) start...3%
2023-6-29 18:38-debug: // ---- web-mobile:(onAfterInit) ----
2023-6-29 18:38-debug: Process: heapTotal 648.78MB heapUsed 499.14MB rss 32.16MB
2023-6-29 18:38-debug: web-mobile:(onAfterInit)5%
2023-6-29 18:38-debug: // ---- web-mobile:(onAfterInit) success ----
2023-6-29 18:38-debug: // ---- cocos-service:(onAfterInit) ----
2023-6-29 18:38-debug: Process: heapTotal 648.78MB heapUsed 499.17MB rss 32.89MB
2023-6-29 18:38-debug: cocos-service:(onAfterInit) start...5%
2023-6-29 18:38-debug:   Number of all scenes: 3
2023-6-29 18:38-debug: // ---- cocos-service:(onAfterInit) success ----
2023-6-29 18:38-log: // ---- 加载刷新项目脚本 ----
2023-6-29 18:38-debug: reload all scripts.
2023-6-29 18:38-debug: Process: heapTotal 648.78MB heapUsed 499.33MB rss 32.80MB
2023-6-29 18:38-debug: cocos-service:(onAfterInit)8%
2023-6-29 18:38-debug: 加载刷新项目脚本 start8%
2023-6-29 18:38-debug: Incremental keys: 
2023-6-29 18:38-debug: Unregister EnityManger
2023-6-29 18:38-debug: Unregister AudioManager
2023-6-29 18:38-debug: Unregister SubStateMachine
2023-6-29 18:38-debug: Unregister IdleTurnStateMachie
2023-6-29 18:38-debug: Unregister StateMachine
2023-6-29 18:38-debug: Unregister PlayerStateMachine
2023-6-29 18:38-debug: Unregister PlayerManager
2023-6-29 18:38-debug: Unregister BurstMachine
2023-6-29 18:38-debug: Unregister BurstManager
2023-6-29 18:38-debug: Unregister DoorSubMachine
2023-6-29 18:38-debug: Unregister DoorManager
2023-6-29 18:38-debug: Unregister DrawManager
2023-6-29 18:38-debug: Unregister TlieManager
2023-6-29 18:38-debug: Unregister TlieMapManager
2023-6-29 18:38-debug: Unregister WoodenSkeletonSubMachine
2023-6-29 18:38-debug: Unregister WoodenSkeletonManager
2023-6-29 18:38-debug: Unregister IronskeletonManagerSubMachine
2023-6-29 18:38-debug: Unregister IronskeletonManager
2023-6-29 18:38-debug: Unregister SpikesMachine
2023-6-29 18:38-debug: Unregister SpikesManager
2023-6-29 18:38-debug: Unregister SmokeMachine
2023-6-29 18:38-debug: Unregister SmokeManager
2023-6-29 18:38-debug: Unregister ShakeManager
2023-6-29 18:38-debug: Unregister BattleManager
2023-6-29 18:38-debug: Unregister LoadingManager
2023-6-29 18:38-debug: Unregister MenuManager
2023-6-29 18:38-debug: Unregister StartManager
2023-6-29 18:38-debug: Unregister UIController
2023-6-29 18:38-debug: Invalidating 'pack:///mods/cce/internal/x/prerequisite-imports.js'
2023-6-29 18:38-debug: Invalidating 'pack:///mods/fs/0/assets/Enums/index.js'
2023-6-29 18:38-debug: Invalidating 'pack:///mods/cce/internal/x/cc.js'
2023-6-29 18:38-debug: Invalidating 'pack:///mods/fs/0/assets/Level/index.js'
2023-6-29 18:38-debug: Invalidating 'pack:///mods/cce/internal/code-quality/cr.js'
2023-6-29 18:38-debug: Invalidating 'pack:///mods/fs/0/assets/Level/level1.js'
2023-6-29 18:38-debug: Invalidating 'pack:///mods/fs/0/assets/Level/level2.js'
2023-6-29 18:38-debug: Invalidating 'pack:///mods/fs/0/assets/Level/level3.js'
2023-6-29 18:38-debug: Invalidating 'pack:///mods/fs/0/assets/Level/level4.js'
2023-6-29 18:38-debug: Invalidating 'pack:///mods/fs/0/assets/Level/level5.js'
2023-6-29 18:38-debug: Invalidating 'pack:///mods/fs/0/assets/Level/level6.js'
2023-6-29 18:38-debug: Invalidating 'pack:///mods/fs/0/assets/Level/level7.js'
2023-6-29 18:38-debug: Invalidating 'pack:///mods/fs/0/assets/Level/level8.js'
2023-6-29 18:38-debug: Invalidating 'pack:///mods/fs/0/assets/Level/level9.js'
2023-6-29 18:38-debug: Invalidating 'pack:///mods/fs/0/assets/Level/level10.js'
2023-6-29 18:38-debug: Invalidating 'pack:///mods/fs/0/assets/Level/level11.js'
2023-6-29 18:38-debug: Invalidating 'pack:///mods/fs/0/assets/Level/level12.js'
2023-6-29 18:38-debug: Invalidating 'pack:///mods/fs/0/assets/Level/level13.js'
2023-6-29 18:38-debug: Invalidating 'pack:///mods/fs/0/assets/Level/level14.js'
2023-6-29 18:38-debug: Invalidating 'pack:///mods/fs/0/assets/Level/level15.js'
2023-6-29 18:38-debug: Invalidating 'pack:///mods/fs/0/assets/Level/level16.js'
2023-6-29 18:38-debug: Invalidating 'pack:///mods/fs/0/assets/Level/level17.js'
2023-6-29 18:38-debug: Invalidating 'pack:///mods/fs/0/assets/Level/level18.js'
2023-6-29 18:38-debug: Invalidating 'pack:///mods/fs/0/assets/Level/level19.js'
2023-6-29 18:38-debug: Invalidating 'pack:///mods/fs/0/assets/Level/level20.js'
2023-6-29 18:38-debug: Invalidating 'pack:///mods/fs/0/assets/Level/level21.js'
2023-6-29 18:38-debug: Invalidating 'pack:///mods/fs/0/assets/Scripts/Audio/AudioManager.js'
2023-6-29 18:38-debug: Invalidating 'pack:///mods/fs/0/assets/Scripts/Base/EnemyManager.js'
2023-6-29 18:38-debug: Invalidating 'pack:///mods/fs/0/assets/Scripts/Base/EnityManger.js'
2023-6-29 18:38-debug: Invalidating 'pack:///mods/fs/0/assets/Scripts/RunTime/EventManager.js'
2023-6-29 18:38-debug: Invalidating 'pack:///mods/fs/0/assets/Scripts/RunTime/DataManager.js'
2023-6-29 18:38-debug: Invalidating 'pack:///mods/fs/0/assets/Scripts/Utiils/index.js'
2023-6-29 18:38-debug: Invalidating 'pack:///mods/fs/0/assets/Scripts/Base/Singleton.js'
2023-6-29 18:38-debug: Invalidating 'pack:///mods/fs/0/assets/Scripts/Base/IdleTurnStateMachie.js'
2023-6-29 18:38-debug: Invalidating 'pack:///mods/fs/0/assets/Scripts/Base/State.js'
2023-6-29 18:38-debug: Invalidating 'pack:///mods/fs/0/assets/Scripts/Player/PlayerManager.js'
2023-6-29 18:38-debug: Invalidating 'pack:///mods/fs/0/assets/Scripts/Base/SubStateMachine.js'
2023-6-29 18:38-debug: Invalidating 'pack:///mods/fs/0/assets/Scripts/RunTime/ResourcesManager.js'
2023-6-29 18:38-debug: Invalidating 'pack:///mods/fs/0/assets/Scripts/Player/PlayerStateMachine.js'
2023-6-29 18:38-debug: Invalidating 'pack:///mods/fs/0/assets/Scripts/RunTime/MusicManager.js'
2023-6-29 18:38-debug: Invalidating 'pack:///mods/fs/0/assets/Scripts/Base/StateMachine.js'
2023-6-29 18:38-debug: Invalidating 'pack:///mods/fs/0/assets/Scripts/Player/AirDeathSubStateMachine.js'
2023-6-29 18:38-debug: Invalidating 'pack:///mods/fs/0/assets/Scripts/Player/AttackDeathSubStateMachine.js'
2023-6-29 18:38-debug: Invalidating 'pack:///mods/fs/0/assets/Scripts/Player/AttackSubStateMachine.js'
2023-6-29 18:38-debug: Invalidating 'pack:///mods/fs/0/assets/Scripts/Player/BlockblackStateMachine.js'
2023-6-29 18:38-debug: Invalidating 'pack:///mods/fs/0/assets/Scripts/Player/BlockfrontStateMachine.js'
2023-6-29 18:38-debug: Invalidating 'pack:///mods/fs/0/assets/Scripts/Player/BlockturnleftStateMachine.js'
2023-6-29 18:38-debug: Invalidating 'pack:///mods/fs/0/assets/Scripts/Player/BlockturnrightStateMachine.js'
2023-6-29 18:38-debug: Invalidating 'pack:///mods/fs/0/assets/Scripts/Player/IdleLeftStateMachine.js'
2023-6-29 18:38-debug: Invalidating 'pack:///mods/fs/0/assets/Scripts/Player/TurnLeftStateMachine.js'
2023-6-29 18:38-debug: Invalidating 'pack:///mods/fs/0/assets/Scripts/Player/TurnRightStateMachine.js'
2023-6-29 18:38-debug: Invalidating 'pack:///mods/fs/0/assets/Scripts/Burst/BurstMachine.js'
2023-6-29 18:38-debug: Invalidating 'pack:///mods/fs/0/assets/Scripts/Burst/BurstManager.js'
2023-6-29 18:38-debug: Invalidating 'pack:///mods/fs/0/assets/Scripts/Door/DoorDeathSubStateMachines.js'
2023-6-29 18:38-debug: Invalidating 'pack:///mods/fs/0/assets/Scripts/Door/DoorIdleSubStateMachines.js'
2023-6-29 18:38-debug: Invalidating 'pack:///mods/fs/0/assets/Scripts/Door/DoorManager.js'
2023-6-29 18:38-debug: Invalidating 'pack:///mods/fs/0/assets/Scripts/Door/DoorSubMachine.js'
2023-6-29 18:38-debug: Invalidating 'pack:///mods/fs/0/assets/Scripts/RunTime/FaderManager.js'
2023-6-29 18:38-debug: Invalidating 'pack:///mods/fs/0/assets/Scripts/UI/DrawManager.js'
2023-6-29 18:38-debug: Invalidating 'pack:///mods/fs/0/assets/Scripts/Scene/BattleManager.js'
2023-6-29 18:38-debug: Invalidating 'pack:///mods/fs/0/assets/Scripts/Tile/TlieMapManager.js'
2023-6-29 18:38-debug: Invalidating 'pack:///mods/fs/0/assets/Scripts/WoodenSkeleton/WoodenSkeletonManager.js'
2023-6-29 18:38-debug: Invalidating 'pack:///mods/fs/0/assets/Scripts/ironskeleton/IronskeletonManager.js'
2023-6-29 18:38-debug: Invalidating 'pack:///mods/fs/0/assets/Scripts/spikes/SpikesManager.js'
2023-6-29 18:38-debug: Invalidating 'pack:///mods/fs/0/assets/Scripts/smoke/SmokeManager.js'
2023-6-29 18:38-debug: Invalidating 'pack:///mods/fs/0/assets/Scripts/UI/ShakeManager.js'
2023-6-29 18:38-debug: Invalidating 'pack:///mods/fs/0/assets/Scripts/Tile/TileManager.js'
2023-6-29 18:38-debug: Invalidating 'pack:///mods/fs/0/assets/Scripts/WoodenSkeleton/WoodenSkeletonSubMachine.js'
2023-6-29 18:38-debug: Invalidating 'pack:///mods/fs/0/assets/Scripts/ironskeleton/IronskeletonManagerSubMachine.js'
2023-6-29 18:38-debug: Invalidating 'pack:///mods/fs/0/assets/Scripts/spikes/SpikesMachine.js'
2023-6-29 18:38-debug: Invalidating 'pack:///mods/fs/0/assets/Scripts/smoke/SmokeMachine.js'
2023-6-29 18:38-debug: Invalidating 'pack:///mods/fs/0/assets/Scripts/WoodenSkeleton/AttackSubStateMachines.js'
2023-6-29 18:38-debug: Invalidating 'pack:///mods/fs/0/assets/Scripts/WoodenSkeleton/DeathSubStateMachines.js'
2023-6-29 18:38-debug: Invalidating 'pack:///mods/fs/0/assets/Scripts/WoodenSkeleton/IdleSubStateMachines.js'
2023-6-29 18:38-debug: Invalidating 'pack:///mods/fs/0/assets/Scripts/ironskeleton/IronskeletonDeathsubMachine.js'
2023-6-29 18:38-debug: Invalidating 'pack:///mods/fs/0/assets/Scripts/ironskeleton/IronskeletonIdlesubMachine.js'
2023-6-29 18:38-debug: Invalidating 'pack:///mods/fs/0/assets/Scripts/spikes/SpikesFourSubMachine.js'
2023-6-29 18:38-debug: Invalidating 'pack:///mods/fs/0/assets/Scripts/spikes/SpikesOneSubMachine.js'
2023-6-29 18:38-debug: Invalidating 'pack:///mods/fs/0/assets/Scripts/spikes/SpikesThreeSubMachine.js'
2023-6-29 18:38-debug: Invalidating 'pack:///mods/fs/0/assets/Scripts/spikes/SpikesTwoSubMachine.js'
2023-6-29 18:38-debug: Invalidating 'pack:///mods/fs/0/assets/Scripts/smoke/SmokeIdleStateMachines.js'
2023-6-29 18:38-debug: Invalidating 'pack:///mods/fs/0/assets/Scripts/smoke/SmokeDeathStateMachines.js'
2023-6-29 18:38-debug: Invalidating 'pack:///mods/fs/0/assets/Scripts/spikes/SpikesSubMachine.js'
2023-6-29 18:38-debug: Invalidating 'pack:///mods/fs/0/assets/Scripts/UI/LoadingManager.js'
2023-6-29 18:38-debug: Invalidating 'pack:///mods/fs/0/assets/Scripts/UI/MenuManager.js'
2023-6-29 18:38-debug: Invalidating 'pack:///mods/fs/0/assets/Scripts/UI/UIController.js'
2023-6-29 18:38-debug: Invalidating 'pack:///mods/fs/0/assets/Scripts/UI/StartManager.js'
2023-6-29 18:38-debug: [[Executor]] Module "pack:///mods/cce/internal/x/prerequisite-imports.js" loaded.
2023-6-29 18:38-debug: [[Executor]] Module "pack:///mods/cce/internal/x/cc.js" loaded.
2023-6-29 18:38-debug: [[Executor]] Module "pack:///mods/fs/0/assets/Enums/index.js" loaded.
2023-6-29 18:38-debug: [[Executor]] Module "pack:///mods/cce/internal/code-quality/cr.js" loaded.
2023-6-29 18:38-debug: [[Executor]] Module "pack:///mods/fs/0/assets/Level/level1.js" loaded.
2023-6-29 18:38-debug: [[Executor]] Module "pack:///mods/fs/0/assets/Level/level2.js" loaded.
2023-6-29 18:38-debug: [[Executor]] Module "pack:///mods/fs/0/assets/Level/level3.js" loaded.
2023-6-29 18:38-debug: [[Executor]] Module "pack:///mods/fs/0/assets/Level/level4.js" loaded.
2023-6-29 18:38-debug: [[Executor]] Module "pack:///mods/fs/0/assets/Level/level5.js" loaded.
2023-6-29 18:38-debug: [[Executor]] Module "pack:///mods/fs/0/assets/Level/level6.js" loaded.
2023-6-29 18:38-debug: [[Executor]] Module "pack:///mods/fs/0/assets/Level/level7.js" loaded.
2023-6-29 18:38-debug: [[Executor]] Module "pack:///mods/fs/0/assets/Level/level8.js" loaded.
2023-6-29 18:38-debug: [[Executor]] Module "pack:///mods/fs/0/assets/Level/level9.js" loaded.
2023-6-29 18:38-debug: [[Executor]] Module "pack:///mods/fs/0/assets/Level/level10.js" loaded.
2023-6-29 18:38-debug: [[Executor]] Module "pack:///mods/fs/0/assets/Level/level11.js" loaded.
2023-6-29 18:38-debug: [[Executor]] Module "pack:///mods/fs/0/assets/Level/level12.js" loaded.
2023-6-29 18:38-debug: [[Executor]] Module "pack:///mods/fs/0/assets/Level/level13.js" loaded.
2023-6-29 18:38-debug: [[Executor]] Module "pack:///mods/fs/0/assets/Level/level14.js" loaded.
2023-6-29 18:38-debug: [[Executor]] Module "pack:///mods/fs/0/assets/Level/level15.js" loaded.
2023-6-29 18:38-debug: [[Executor]] Module "pack:///mods/fs/0/assets/Level/level16.js" loaded.
2023-6-29 18:38-debug: [[Executor]] Module "pack:///mods/fs/0/assets/Level/level17.js" loaded.
2023-6-29 18:38-debug: [[Executor]] Module "pack:///mods/fs/0/assets/Level/level18.js" loaded.
2023-6-29 18:38-debug: [[Executor]] Module "pack:///mods/fs/0/assets/Level/level19.js" loaded.
2023-6-29 18:38-debug: [[Executor]] Module "pack:///mods/fs/0/assets/Level/level20.js" loaded.
2023-6-29 18:38-debug: [[Executor]] Module "pack:///mods/fs/0/assets/Level/level21.js" loaded.
2023-6-29 18:38-debug: [[Executor]] Module "pack:///mods/fs/0/assets/Level/index.js" loaded.
2023-6-29 18:38-debug: [[Executor]] Register AudioManager
2023-6-29 18:38-debug: [[Executor]] Module "pack:///mods/fs/0/assets/Scripts/Audio/AudioManager.js" loaded.
2023-6-29 18:38-debug: [[Executor]] Module "pack:///mods/fs/0/assets/Scripts/Utiils/index.js" loaded.
2023-6-29 18:38-debug: [[Executor]] Register EnityManger
2023-6-29 18:38-debug: [[Executor]] Module "pack:///mods/fs/0/assets/Scripts/Base/EnityManger.js" loaded.
2023-6-29 18:38-debug: [[Executor]] Module "pack:///mods/fs/0/assets/Scripts/Base/Singleton.js" loaded.
2023-6-29 18:38-debug: [[Executor]] Module "pack:///mods/fs/0/assets/Scripts/RunTime/EventManager.js" loaded.
2023-6-29 18:38-debug: [[Executor]] Module "pack:///mods/fs/0/assets/Scripts/RunTime/DataManager.js" loaded.
2023-6-29 18:38-debug: [[Executor]] Module "pack:///mods/fs/0/assets/Scripts/Base/EnemyManager.js" loaded.
2023-6-29 18:38-debug: [[Executor]] Register SubStateMachine
2023-6-29 18:38-debug: [[Executor]] Module "pack:///mods/fs/0/assets/Scripts/Base/SubStateMachine.js" loaded.
2023-6-29 18:38-debug: [[Executor]] Register IdleTurnStateMachie
2023-6-29 18:38-debug: [[Executor]] Module "pack:///mods/fs/0/assets/Scripts/Base/IdleTurnStateMachie.js" loaded.
2023-6-29 18:38-debug: [[Executor]] Register StateMachine
2023-6-29 18:38-debug: [[Executor]] Module "pack:///mods/fs/0/assets/Scripts/Player/AirDeathSubStateMachine.js" loaded.
2023-6-29 18:38-debug: [[Executor]] Module "pack:///mods/fs/0/assets/Scripts/Player/AttackDeathSubStateMachine.js" loaded.
2023-6-29 18:38-debug: [[Executor]] Module "pack:///mods/fs/0/assets/Scripts/Base/StateMachine.js" loaded.
2023-6-29 18:38-debug: [[Executor]] Module "pack:///mods/fs/0/assets/Scripts/Player/AttackSubStateMachine.js" loaded.
2023-6-29 18:38-debug: [[Executor]] Module "pack:///mods/fs/0/assets/Scripts/Player/BlockblackStateMachine.js" loaded.
2023-6-29 18:38-debug: [[Executor]] Module "pack:///mods/fs/0/assets/Scripts/Player/BlockfrontStateMachine.js" loaded.
2023-6-29 18:38-debug: [[Executor]] Module "pack:///mods/fs/0/assets/Scripts/Player/BlockturnleftStateMachine.js" loaded.
2023-6-29 18:38-debug: [[Executor]] Module "pack:///mods/fs/0/assets/Scripts/Player/BlockturnrightStateMachine.js" loaded.
2023-6-29 18:38-debug: [[Executor]] Module "pack:///mods/fs/0/assets/Scripts/Player/IdleLeftStateMachine.js" loaded.
2023-6-29 18:38-debug: [[Executor]] Module "pack:///mods/fs/0/assets/Scripts/Player/TurnLeftStateMachine.js" loaded.
2023-6-29 18:38-debug: [[Executor]] Module "pack:///mods/fs/0/assets/Scripts/Player/TurnRightStateMachine.js" loaded.
2023-6-29 18:38-debug: [[Executor]] Register PlayerStateMachine
2023-6-29 18:38-debug: [[Executor]] Module "pack:///mods/fs/0/assets/Scripts/Player/PlayerStateMachine.js" loaded.
2023-6-29 18:38-debug: [[Executor]] Module "pack:///mods/fs/0/assets/Scripts/RunTime/MusicManager.js" loaded.
2023-6-29 18:38-debug: [[Executor]] Register PlayerManager
2023-6-29 18:38-debug: [[Executor]] Module "pack:///mods/fs/0/assets/Scripts/Player/PlayerManager.js" loaded.
2023-6-29 18:38-debug: [[Executor]] Module "pack:///mods/fs/0/assets/Scripts/RunTime/ResourcesManager.js" loaded.
2023-6-29 18:38-debug: [[Executor]] Module "pack:///mods/fs/0/assets/Scripts/Base/State.js" loaded.
2023-6-29 18:38-debug: [[Executor]] Module "pack:///mods/fs/0/assets/Scripts/Burst/BurstMachine.js" loaded.
2023-6-29 18:38-debug: [[Executor]] Register BurstMachine
2023-6-29 18:38-debug: [[Executor]] Register BurstManager
2023-6-29 18:38-debug: [[Executor]] Module "pack:///mods/fs/0/assets/Scripts/Burst/BurstManager.js" loaded.
2023-6-29 18:38-debug: [[Executor]] Module "pack:///mods/fs/0/assets/Scripts/Door/DoorDeathSubStateMachines.js" loaded.
2023-6-29 18:38-debug: [[Executor]] Module "pack:///mods/fs/0/assets/Scripts/Door/DoorIdleSubStateMachines.js" loaded.
2023-6-29 18:38-debug: [[Executor]] Register DoorSubMachine
2023-6-29 18:38-debug: [[Executor]] Module "pack:///mods/fs/0/assets/Scripts/Door/DoorSubMachine.js" loaded.
2023-6-29 18:38-debug: [[Executor]] Module "pack:///mods/fs/0/assets/Scripts/Door/DoorManager.js" loaded.
2023-6-29 18:38-debug: [[Executor]] Register DoorManager
2023-6-29 18:38-debug: [[Executor]] Register DrawManager
2023-6-29 18:38-debug: [[Executor]] Module "pack:///mods/fs/0/assets/Scripts/UI/DrawManager.js" loaded.
2023-6-29 18:38-debug: [[Executor]] Module "pack:///mods/fs/0/assets/Scripts/RunTime/FaderManager.js" loaded.
2023-6-29 18:38-debug: [[Executor]] Register TlieManager
2023-6-29 18:38-debug: [[Executor]] Module "pack:///mods/fs/0/assets/Scripts/Tile/TileManager.js" loaded.
2023-6-29 18:38-debug: [[Executor]] Register TlieMapManager
2023-6-29 18:38-debug: [[Executor]] Module "pack:///mods/fs/0/assets/Scripts/Tile/TlieMapManager.js" loaded.
2023-6-29 18:38-debug: [[Executor]] Module "pack:///mods/fs/0/assets/Scripts/WoodenSkeleton/AttackSubStateMachines.js" loaded.
2023-6-29 18:38-debug: [[Executor]] Module "pack:///mods/fs/0/assets/Scripts/WoodenSkeleton/DeathSubStateMachines.js" loaded.
2023-6-29 18:38-debug: [[Executor]] Module "pack:///mods/fs/0/assets/Scripts/WoodenSkeleton/IdleSubStateMachines.js" loaded.
2023-6-29 18:38-debug: [[Executor]] Register WoodenSkeletonSubMachine
2023-6-29 18:38-debug: [[Executor]] Module "pack:///mods/fs/0/assets/Scripts/WoodenSkeleton/WoodenSkeletonSubMachine.js" loaded.
2023-6-29 18:38-debug: [[Executor]] Register WoodenSkeletonManager
2023-6-29 18:38-debug: [[Executor]] Module "pack:///mods/fs/0/assets/Scripts/WoodenSkeleton/WoodenSkeletonManager.js" loaded.
2023-6-29 18:38-debug: [[Executor]] Module "pack:///mods/fs/0/assets/Scripts/ironskeleton/IronskeletonIdlesubMachine.js" loaded.
2023-6-29 18:38-debug: [[Executor]] Module "pack:///mods/fs/0/assets/Scripts/ironskeleton/IronskeletonDeathsubMachine.js" loaded.
2023-6-29 18:38-debug: [[Executor]] Register IronskeletonManagerSubMachine
2023-6-29 18:38-debug: [[Executor]] Register IronskeletonManager
2023-6-29 18:38-debug: [[Executor]] Module "pack:///mods/fs/0/assets/Scripts/ironskeleton/IronskeletonManagerSubMachine.js" loaded.
2023-6-29 18:38-debug: [[Executor]] Module "pack:///mods/fs/0/assets/Scripts/ironskeleton/IronskeletonManager.js" loaded.
2023-6-29 18:38-debug: [[Executor]] Module "pack:///mods/fs/0/assets/Scripts/spikes/SpikesSubMachine.js" loaded.
2023-6-29 18:38-debug: [[Executor]] Module "pack:///mods/fs/0/assets/Scripts/spikes/SpikesFourSubMachine.js" loaded.
2023-6-29 18:38-debug: [[Executor]] Module "pack:///mods/fs/0/assets/Scripts/spikes/SpikesOneSubMachine.js" loaded.
2023-6-29 18:38-debug: [[Executor]] Module "pack:///mods/fs/0/assets/Scripts/spikes/SpikesThreeSubMachine.js" loaded.
2023-6-29 18:38-debug: [[Executor]] Module "pack:///mods/fs/0/assets/Scripts/spikes/SpikesTwoSubMachine.js" loaded.
2023-6-29 18:38-debug: [[Executor]] Register SpikesMachine
2023-6-29 18:38-debug: [[Executor]] Module "pack:///mods/fs/0/assets/Scripts/spikes/SpikesMachine.js" loaded.
2023-6-29 18:38-debug: [[Executor]] Register SpikesManager
2023-6-29 18:38-debug: [[Executor]] Module "pack:///mods/fs/0/assets/Scripts/spikes/SpikesManager.js" loaded.
2023-6-29 18:38-debug: [[Executor]] Module "pack:///mods/fs/0/assets/Scripts/smoke/SmokeIdleStateMachines.js" loaded.
2023-6-29 18:38-debug: [[Executor]] Module "pack:///mods/fs/0/assets/Scripts/smoke/SmokeDeathStateMachines.js" loaded.
2023-6-29 18:38-debug: [[Executor]] Register SmokeMachine
2023-6-29 18:38-debug: [[Executor]] Module "pack:///mods/fs/0/assets/Scripts/smoke/SmokeMachine.js" loaded.
2023-6-29 18:38-debug: [[Executor]] Register SmokeManager
2023-6-29 18:38-debug: [[Executor]] Module "pack:///mods/fs/0/assets/Scripts/smoke/SmokeManager.js" loaded.
2023-6-29 18:38-debug: [[Executor]] Register ShakeManager
2023-6-29 18:38-debug: [[Executor]] Module "pack:///mods/fs/0/assets/Scripts/UI/ShakeManager.js" loaded.
2023-6-29 18:38-debug: [[Executor]] Register BattleManager
2023-6-29 18:38-debug: [[Executor]] Module "pack:///mods/fs/0/assets/Scripts/Scene/BattleManager.js" loaded.
2023-6-29 18:38-debug: [[Executor]] Register LoadingManager
2023-6-29 18:38-debug: [[Executor]] Module "pack:///mods/fs/0/assets/Scripts/UI/LoadingManager.js" loaded.
2023-6-29 18:38-debug: [[Executor]] Register MenuManager
2023-6-29 18:38-debug: [[Executor]] Module "pack:///mods/fs/0/assets/Scripts/UI/MenuManager.js" loaded.
2023-6-29 18:38-debug: [[Executor]] Register StartManager
2023-6-29 18:38-debug: [[Executor]] Module "pack:///mods/fs/0/assets/Scripts/UI/StartManager.js" loaded.
2023-6-29 18:38-debug: [[Executor]] Register UIController
2023-6-29 18:38-debug: [[Executor]] Module "pack:///mods/fs/0/assets/Scripts/UI/UIController.js" loaded.
2023-6-29 18:38-debug: [[Executor]] Module "pack:///mods/cce/internal/x/prerequisite-imports.js" loaded.
2023-6-29 18:38-debug: 加载刷新项目脚本 √9%
2023-6-29 18:38-debug: 查询 Asset Bundle start9%
2023-6-29 18:38-log: // ---- 查询 Asset Bundle ----
2023-6-29 18:38-debug: Process: heapTotal 648.78MB heapUsed 502.89MB rss 40.23MB
2023-6-29 18:38-debug: 查询 Asset Bundle √10%
2023-6-29 18:38-log: // ---- 查询使用的资源以及资源包配置 ----
2023-6-29 18:38-debug: Process: heapTotal 636.54MB heapUsed 497.26MB rss 52.63MB
2023-6-29 18:38-debug: Number of scenes: 3
2023-6-29 18:38-debug: 查询使用的资源以及资源包配置 start10%
2023-6-29 18:38-debug: Number of assets: 871
2023-6-29 18:38-debug: Number of asset bundle: 2
2023-6-29 18:38-debug: 查询使用的资源以及资源包配置 √11%
2023-6-29 18:38-debug: Process: heapTotal 640.18MB heapUsed 505.75MB rss 75.68MB
2023-6-29 18:38-debug: 整理脚本分组与脚本数据 √13%
2023-6-29 18:38-debug: 整理纹理压缩任务 start13%
2023-6-29 18:38-log: // ---- 整理纹理压缩任务 ----
2023-6-29 18:38-debug: Process: heapTotal 640.18MB heapUsed 505.83MB rss 76.27MB
2023-6-29 18:38-debug: 整理脚本分组与脚本数据 start11%
2023-6-29 18:38-log: // ---- 整理脚本分组与脚本数据 ----
2023-6-29 18:38-debug: sort script group...
2023-6-29 18:38-debug: Number of image-compress task: 0
2023-6-29 18:38-debug: 初步划分 JSON 合并分组 start14%
2023-6-29 18:38-log: // ---- 初步划分 JSON 合并分组 ----
2023-6-29 18:38-debug: Process: heapTotal 640.18MB heapUsed 502.95MB rss 75.98MB
2023-6-29 18:38-debug: 整理纹理压缩任务 √14%
2023-6-29 18:38-debug: 整理合并压缩 Texture2D 的 JSON 数据 start15%
2023-6-29 18:38-debug: Process: heapTotal 640.18MB heapUsed 504.17MB rss 79.74MB
2023-6-29 18:38-debug: Number of json group: 2
2023-6-29 18:38-log: // ---- 整理合并压缩 Texture2D 的 JSON 数据 ----
2023-6-29 18:38-debug: 整理合并压缩 Texture2D 的 JSON 数据 √16%
2023-6-29 18:38-debug:  start16%
2023-6-29 18:38-debug: 初步划分 JSON 合并分组 √15%
2023-6-29 18:38-debug: Process: heapTotal 640.18MB heapUsed 504.34MB rss 80.18MB
2023-6-29 18:38-debug:  √18%
2023-6-29 18:38-debug: web-mobile:(onBeforeBuildAssets) start...18%
2023-6-29 18:38-debug: // ---- web-mobile:(onBeforeBuildAssets) ----
2023-6-29 18:38-debug: Process: heapTotal 640.18MB heapUsed 504.36MB rss 80.20MB
2023-6-29 18:38-debug: // ---- web-mobile:(onBeforeBuildAssets) success ----
2023-6-29 18:38-debug: web-mobile:(onBeforeBuildAssets)20%
2023-6-29 18:38-debug:  start20%
2023-6-29 18:38-log: // ----  ----
2023-6-29 18:38-debug: Process: heapTotal 640.18MB heapUsed 504.43MB rss 80.21MB
2023-6-29 18:38-log: // ----  ----
2023-6-29 18:38-debug: 打包脚本20%
2023-6-29 18:38-debug: Process: heapTotal 493.32MB heapUsed 205.70MB rss 239.05MB
2023-6-29 18:38-warn: [[Build.Script.Rollup]] Circular dependency: file:///E:/cocosproject/Dome/cocos-start-demo/assets/Scripts/Base/State.ts -> file:///E:/cocosproject/Dome/cocos-start-demo/assets/Scripts/Player/PlayerManager.ts -> file:///E:/cocosproject/Dome/cocos-start-demo/assets/Scripts/Player/PlayerStateMachine.ts -> file:///E:/cocosproject/Dome/cocos-start-demo/assets/Scripts/Player/AirDeathSubStateMachine.ts -> file:///E:/cocosproject/Dome/cocos-start-demo/assets/Scripts/Base/State.ts
2023-6-29 18:38-warn: [[Build.Script.Rollup]] Circular dependency: file:///E:/cocosproject/Dome/cocos-start-demo/assets/Scripts/Base/State.ts -> file:///E:/cocosproject/Dome/cocos-start-demo/assets/Scripts/Player/PlayerManager.ts -> file:///E:/cocosproject/Dome/cocos-start-demo/assets/Scripts/Player/PlayerStateMachine.ts -> file:///E:/cocosproject/Dome/cocos-start-demo/assets/Scripts/Player/AttackDeathSubStateMachine.ts -> file:///E:/cocosproject/Dome/cocos-start-demo/assets/Scripts/Base/State.ts
2023-6-29 18:38-warn: [[Build.Script.Rollup]] Circular dependency: file:///E:/cocosproject/Dome/cocos-start-demo/assets/Scripts/Base/State.ts -> file:///E:/cocosproject/Dome/cocos-start-demo/assets/Scripts/Player/PlayerManager.ts -> file:///E:/cocosproject/Dome/cocos-start-demo/assets/Scripts/Player/PlayerStateMachine.ts -> file:///E:/cocosproject/Dome/cocos-start-demo/assets/Scripts/Player/AttackSubStateMachine.ts -> file:///E:/cocosproject/Dome/cocos-start-demo/assets/Scripts/Base/State.ts
2023-6-29 18:38-warn: [[Build.Script.Rollup]] Circular dependency: file:///E:/cocosproject/Dome/cocos-start-demo/assets/Scripts/Player/PlayerManager.ts -> file:///E:/cocosproject/Dome/cocos-start-demo/assets/Scripts/Player/PlayerStateMachine.ts -> file:///E:/cocosproject/Dome/cocos-start-demo/assets/Scripts/Player/AttackSubStateMachine.ts -> file:///E:/cocosproject/Dome/cocos-start-demo/assets/Scripts/Player/PlayerManager.ts
2023-6-29 18:38-warn: [[Build.Script.Rollup]] Circular dependency: file:///E:/cocosproject/Dome/cocos-start-demo/assets/Scripts/Base/State.ts -> file:///E:/cocosproject/Dome/cocos-start-demo/assets/Scripts/Player/PlayerManager.ts -> file:///E:/cocosproject/Dome/cocos-start-demo/assets/Scripts/Player/PlayerStateMachine.ts -> file:///E:/cocosproject/Dome/cocos-start-demo/assets/Scripts/Player/BlockblackStateMachine.ts -> file:///E:/cocosproject/Dome/cocos-start-demo/assets/Scripts/Base/State.ts
2023-6-29 18:38-warn: [[Build.Script.Rollup]] Circular dependency: file:///E:/cocosproject/Dome/cocos-start-demo/assets/Scripts/Base/State.ts -> file:///E:/cocosproject/Dome/cocos-start-demo/assets/Scripts/Player/PlayerManager.ts -> file:///E:/cocosproject/Dome/cocos-start-demo/assets/Scripts/Player/PlayerStateMachine.ts -> file:///E:/cocosproject/Dome/cocos-start-demo/assets/Scripts/Player/BlockfrontStateMachine.ts -> file:///E:/cocosproject/Dome/cocos-start-demo/assets/Scripts/Base/State.ts
2023-6-29 18:38-warn: [[Build.Script.Rollup]] Circular dependency: file:///E:/cocosproject/Dome/cocos-start-demo/assets/Scripts/Base/State.ts -> file:///E:/cocosproject/Dome/cocos-start-demo/assets/Scripts/Player/PlayerManager.ts -> file:///E:/cocosproject/Dome/cocos-start-demo/assets/Scripts/Player/PlayerStateMachine.ts -> file:///E:/cocosproject/Dome/cocos-start-demo/assets/Scripts/Player/BlockturnleftStateMachine.ts -> file:///E:/cocosproject/Dome/cocos-start-demo/assets/Scripts/Base/State.ts
2023-6-29 18:38-warn: [[Build.Script.Rollup]] Circular dependency: file:///E:/cocosproject/Dome/cocos-start-demo/assets/Scripts/Base/State.ts -> file:///E:/cocosproject/Dome/cocos-start-demo/assets/Scripts/Player/PlayerManager.ts -> file:///E:/cocosproject/Dome/cocos-start-demo/assets/Scripts/Player/PlayerStateMachine.ts -> file:///E:/cocosproject/Dome/cocos-start-demo/assets/Scripts/Player/BlockturnrightStateMachine.ts -> file:///E:/cocosproject/Dome/cocos-start-demo/assets/Scripts/Base/State.ts
2023-6-29 18:38-warn: [[Build.Script.Rollup]] Circular dependency: file:///E:/cocosproject/Dome/cocos-start-demo/assets/Scripts/Base/State.ts -> file:///E:/cocosproject/Dome/cocos-start-demo/assets/Scripts/Player/PlayerManager.ts -> file:///E:/cocosproject/Dome/cocos-start-demo/assets/Scripts/Player/PlayerStateMachine.ts -> file:///E:/cocosproject/Dome/cocos-start-demo/assets/Scripts/Player/IdleLeftStateMachine.ts -> file:///E:/cocosproject/Dome/cocos-start-demo/assets/Scripts/Base/State.ts
2023-6-29 18:38-warn: [[Build.Script.Rollup]] Circular dependency: file:///E:/cocosproject/Dome/cocos-start-demo/assets/Scripts/Player/TurnLeftStateMachine.ts -> file:///E:/cocosproject/Dome/cocos-start-demo/assets/Scripts/Base/State.ts -> file:///E:/cocosproject/Dome/cocos-start-demo/assets/Scripts/Player/PlayerManager.ts -> file:///E:/cocosproject/Dome/cocos-start-demo/assets/Scripts/Player/PlayerStateMachine.ts -> file:///E:/cocosproject/Dome/cocos-start-demo/assets/Scripts/Player/TurnLeftStateMachine.ts
2023-6-29 18:38-warn: [[Build.Script.Rollup]] Circular dependency: file:///E:/cocosproject/Dome/cocos-start-demo/assets/Scripts/Base/State.ts -> file:///E:/cocosproject/Dome/cocos-start-demo/assets/Scripts/Player/PlayerManager.ts -> file:///E:/cocosproject/Dome/cocos-start-demo/assets/Scripts/Player/PlayerStateMachine.ts -> file:///E:/cocosproject/Dome/cocos-start-demo/assets/Scripts/Player/TurnRightStateMachine.ts -> file:///E:/cocosproject/Dome/cocos-start-demo/assets/Scripts/Base/State.ts
2023-6-29 18:38-warn: [[Build.Script.Rollup]] Circular dependency: file:///E:/cocosproject/Dome/cocos-start-demo/assets/Scripts/spikes/SpikesManager.ts -> file:///E:/cocosproject/Dome/cocos-start-demo/assets/Scripts/spikes/SpikesMachine.ts -> file:///E:/cocosproject/Dome/cocos-start-demo/assets/Scripts/spikes/SpikesManager.ts
2023-6-29 18:38-debug: Copy externalScripts success!
2023-6-29 18:38-debug: 打包脚本√20%
2023-6-29 18:38-debug: Process: heapTotal 340.85MB heapUsed 247.85MB rss 279.40MB
2023-6-29 18:38-debug: 构建引擎20%
2023-6-29 18:38-debug: Engine cache ({link(C:\Users\ADMINI~1\AppData\Local\Temp\CocosCreator\3.4.2\builder\engine\eb297a5ac5ed26cb595528c6da4d016a)}) does not exist.
2023-6-29 18:38-debug: {"incremental":"C:\\Users\\ADMINI~1\\AppData\\Local\\Temp\\CocosCreator\\3.4.2\\builder\\engine\\eb297a5ac5ed26cb595528c6da4d016a.watch-files.json","engine":"C:\\ProgramData\\cocos\\editors\\3.4.2\\resources\\resources\\3d\\engine","out":"C:\\Users\\ADMINI~1\\AppData\\Local\\Temp\\CocosCreator\\3.4.2\\builder\\engine\\eb297a5ac5ed26cb595528c6da4d016a","moduleFormat":2,"compress":true,"split":false,"ammoJsWasm":"fallback","assetURLFormat":"runtime-resolved","buildTimeConstants":{"HTML5":true,"WECHAT":false,"ALIPAY":false,"BAIDU":false,"XIAOMI":false,"BYTEDANCE":false,"OPPO":false,"VIVO":false,"HUAWEI":false,"NATIVE":false,"COCOSPLAY":false,"LINKSURE":false,"QTT":false,"EDITOR":false,"PREVIEW":false,"BUILD":true,"TEST":false,"DEBUG":false,"DEV":false,"RUNTIME_BASED":false,"MINIGAME":false,"JSB":false,"SUPPORT_JIT":true},"loose":true,"features":["2d","audio","base","dragon-bones","gfx-webgl","gfx-webgl2","intersection-2d","marionette","particle-2d","physics-2d-box2d","profiler","spine","tiled-map","tween","ui","video","webview"],"platform":"HTML5","mode":"BUILD"}
2023-6-29 18:38-debug: Build-engine options: {
  "incremental": "C:\\Users\\ADMINI~1\\AppData\\Local\\Temp\\CocosCreator\\3.4.2\\builder\\engine\\eb297a5ac5ed26cb595528c6da4d016a.watch-files.json",
  "engine": "C:\\ProgramData\\cocos\\editors\\3.4.2\\resources\\resources\\3d\\engine",
  "out": "C:\\Users\\ADMINI~1\\AppData\\Local\\Temp\\CocosCreator\\3.4.2\\builder\\engine\\eb297a5ac5ed26cb595528c6da4d016a",
  "moduleFormat": 2,
  "compress": true,
  "split": false,
  "ammoJsWasm": "fallback",
  "assetURLFormat": "runtime-resolved",
  "buildTimeConstants": {
    "HTML5": true,
    "WECHAT": false,
    "ALIPAY": false,
    "BAIDU": false,
    "XIAOMI": false,
    "BYTEDANCE": false,
    "OPPO": false,
    "VIVO": false,
    "HUAWEI": false,
    "NATIVE": false,
    "COCOSPLAY": false,
    "LINKSURE": false,
    "QTT": false,
    "EDITOR": false,
    "PREVIEW": false,
    "BUILD": true,
    "TEST": false,
    "DEBUG": false,
    "DEV": false,
    "RUNTIME_BASED": false,
    "MINIGAME": false,
    "JSB": false,
    "SUPPORT_JIT": true
  },
  "loose": true,
  "features": [
    "2d",
    "audio",
    "base",
    "dragon-bones",
    "gfx-webgl",
    "gfx-webgl2",
    "intersection-2d",
    "marionette",
    "particle-2d",
    "physics-2d-box2d",
    "profiler",
    "spine",
    "tiled-map",
    "tween",
    "ui",
    "video",
    "webview"
  ],
  "platform": "HTML5",
  "mode": "BUILD"
}
2023-6-29 18:38-debug: Module source "internal-constants":
export const EXPORT_TO_GLOBAL = true;
export const MARIONETTE = true;
export const HTML5 = true;
export const WECHAT = false;
export const ALIPAY = false;
export const BAIDU = false;
export const XIAOMI = false;
export const BYTEDANCE = false;
export const OPPO = false;
export const VIVO = false;
export const HUAWEI = false;
export const NATIVE = false;
export const COCOSPLAY = false;
export const LINKSURE = false;
export const QTT = false;
export const EDITOR = false;
export const PREVIEW = false;
export const BUILD = true;
export const TEST = false;
export const DEBUG = false;
export const DEV = false;
export const RUNTIME_BASED = false;
export const MINIGAME = false;
export const JSB = false;
export const SUPPORT_JIT = true;
2023-6-29 18:38-debug: Module source "cc":
export * from 'C:\\ProgramData\\cocos\\editors\\3.4.2\\resources\\resources\\3d\\engine\\exports\\2d.ts';
export * from 'C:\\ProgramData\\cocos\\editors\\3.4.2\\resources\\resources\\3d\\engine\\exports\\audio.ts';
export * from 'C:\\ProgramData\\cocos\\editors\\3.4.2\\resources\\resources\\3d\\engine\\exports\\base.ts';
export * from 'C:\\ProgramData\\cocos\\editors\\3.4.2\\resources\\resources\\3d\\engine\\exports\\dragon-bones.ts';
export * from 'C:\\ProgramData\\cocos\\editors\\3.4.2\\resources\\resources\\3d\\engine\\exports\\gfx-webgl.ts';
export * from 'C:\\ProgramData\\cocos\\editors\\3.4.2\\resources\\resources\\3d\\engine\\exports\\gfx-webgl2.ts';
export * from 'C:\\ProgramData\\cocos\\editors\\3.4.2\\resources\\resources\\3d\\engine\\exports\\intersection-2d.ts';
export * from 'C:\\ProgramData\\cocos\\editors\\3.4.2\\resources\\resources\\3d\\engine\\exports\\particle-2d.ts';
export * from 'C:\\ProgramData\\cocos\\editors\\3.4.2\\resources\\resources\\3d\\engine\\exports\\physics-2d-box2d.ts';
export * from 'C:\\ProgramData\\cocos\\editors\\3.4.2\\resources\\resources\\3d\\engine\\exports\\physics-2d-framework.ts';
export * from 'C:\\ProgramData\\cocos\\editors\\3.4.2\\resources\\resources\\3d\\engine\\exports\\profiler.ts';
export * from 'C:\\ProgramData\\cocos\\editors\\3.4.2\\resources\\resources\\3d\\engine\\exports\\spine.ts';
export * from 'C:\\ProgramData\\cocos\\editors\\3.4.2\\resources\\resources\\3d\\engine\\exports\\tiled-map.ts';
export * from 'C:\\ProgramData\\cocos\\editors\\3.4.2\\resources\\resources\\3d\\engine\\exports\\tween.ts';
export * from 'C:\\ProgramData\\cocos\\editors\\3.4.2\\resources\\resources\\3d\\engine\\exports\\ui.ts';
export * from 'C:\\ProgramData\\cocos\\editors\\3.4.2\\resources\\resources\\3d\\engine\\exports\\video.ts';
export * from 'C:\\ProgramData\\cocos\\editors\\3.4.2\\resources\\resources\\3d\\engine\\exports\\webview.ts';
2023-6-29 18:38-debug: Redirect module pal/system-info to C:\ProgramData\cocos\editors\3.4.2\resources\resources\3d\engine\pal\system-info\web\system-info.ts
2023-6-29 18:38-debug: Redirect module pal/input to C:\ProgramData\cocos\editors\3.4.2\resources\resources\3d\engine\pal\input\web\index.ts
2023-6-29 18:38-debug: Redirect module pal/audio to C:\ProgramData\cocos\editors\3.4.2\resources\resources\3d\engine\pal\audio\web\player.ts
2023-6-29 18:38-debug: Redirect module pal/screen-adapter to C:\ProgramData\cocos\editors\3.4.2\resources\resources\3d\engine\pal\screen-adapter\web\screen-adapter.ts
2023-6-29 18:38-debug: Redirect module pal/minigame to C:\ProgramData\cocos\editors\3.4.2\resources\resources\3d\engine\pal\minigame\non-minigame.ts
2023-6-29 18:38-debug: Rollup warning 'THIS_IS_UNDEFINED' is omitted for C:\ProgramData\cocos\editors\3.4.2\resources\resources\3d\engine\cocos\spine\lib\spine-core.js
2023-6-29 18:38-debug: Rollup warning 'THIS_IS_UNDEFINED' is omitted for C:\ProgramData\cocos\editors\3.4.2\resources\resources\3d\engine\cocos\spine\lib\spine-core.js
2023-6-29 18:38-debug: Rollup warning 'THIS_IS_UNDEFINED' is omitted for C:\ProgramData\cocos\editors\3.4.2\resources\resources\3d\engine\node_modules\@cocos\dragonbones-js\out\dragonBones.js
2023-6-29 18:38-debug: Rollup warning 'THIS_IS_UNDEFINED' is omitted for C:\ProgramData\cocos\editors\3.4.2\resources\resources\3d\engine\node_modules\@cocos\dragonbones-js\out\dragonBones.js
2023-6-29 18:39-debug: ==== Performance ====
2023-6-29 18:39-debug: ====             ====
2023-6-29 18:39-debug: {"# BUILD":[46780.8092,286938776,547856868],"## generate module graph":[44517.3524,273581428,534506924],"- plugin 0 (@cocos/build-engine|code-asset) - resolveId":[11.026899999999458,257400,534232544],"- plugin 1 (@cocos/build-engine|load-asset) - resolveId":[9.62909999999983,744804,534236612],"- plugin 1 (@cocos/build-engine|load-asset) - resolveId (async)":[57.58630000000032,2595376,534237416],"- plugin 2 (@cocos/build-engine|module-overrides) - resolveId":[11.737800000000243,284348,534239804],"- plugin 3 (virtual) - resolveId":[37.36759999999978,4450136,534250624],"load modules":[256210.41709999988,514635808,534310444],"- plugin 0 (@cocos/build-engine|code-asset) - load":[18.052999999999987,591664,528787584],"- plugin 0 (@cocos/build-engine|code-asset) - load (async)":[2.697899999999995,153572,528787868],"- plugin 1 (@cocos/build-engine|load-asset) - load":[3.0413000000000023,165680,528788424],"- plugin 1 (@cocos/build-engine|load-asset) - load (async)":[2.1530999999999967,151760,528788708],"- plugin 2 (@cocos/build-engine|module-overrides) - load":[10.936999999999994,454588,528789332],"- plugin 3 (virtual) - load":[2.130299999999996,51200,528789724],"- plugin 6 (json) - transform":[7.9818,579572,534315436],"- plugin 7 (commonjs) - transform":[812.3868000000004,19768216,534318360],"- plugin 8 (babel) - transform":[487.6351000000004,-5226016,534352880],"generate ast":[2242.529000000001,34234252,533735112],"analyse ast":[1543.0672000000015,-66345924,534216860],"- plugin 4 (ts-paths) - resolveId":[8.090199999999673,241452,534252976],"- plugin 5 (node-resolve) - resolveId":[74.86360000000003,-7847888,534275372],"- plugin 5 (node-resolve) - resolveId (async)":[206558.37029999946,-8137938908,534444684],"- plugin 5 (node-resolve) - load":[2.442999999999993,50804,528790156],"- plugin 7 (commonjs) - load":[6.432599999999999,611016,528791532],"- plugin 8 (babel) - load":[74.55520000000021,3753088,528791924],"- plugin 8 (babel) - transform (async)":[31301.83619999997,472866524,533583500],"- plugin 7 (commonjs) - resolveId":[6.617399999999998,37564,534099816],"- plugin 8 (babel) - resolveId":[2.837799999999999,23540,534100208],"- plugin 7 (commonjs) - resolveId (async)":[17540.805399999997,97936632,490736816],"- plugin 7 (commonjs) - load (async)":[0.0137,1464,490746736],"## sort modules":[508.7705,11267728,545774796],"## mark included statements":[1754.5806,2081020,547855972],"treeshaking pass 1":[671.0141,4630636,547371336],"treeshaking pass 2":[361.6619,4677864,552049348],"treeshaking pass 3":[170.3429,-175020,551874476],"treeshaking pass 4":[118.1136,803836,552678460],"treeshaking pass 5":[104.1055,-1382380,551296228],"treeshaking pass 6":[113.6891,-3464544,547831832],"treeshaking pass 7":[100.5065,4100912,551932892],"treeshaking pass 8":[101.6303,-4077216,547855824]}
2023-6-29 18:39-debug: 构建引擎√20%
2023-6-29 18:39-debug:  √27%
2023-6-29 18:39-debug: Process: heapTotal 623.63MB heapUsed 515.51MB rss 51.34MB
2023-6-29 18:39-debug: 构建自动图集 √33%
2023-6-29 18:39-debug: 图片拷贝压缩任务 start33%
2023-6-29 18:39-log: // ---- 图片拷贝压缩任务 ----
2023-6-29 18:39-debug: Process: heapTotal 623.63MB heapUsed 515.56MB rss 52.29MB
2023-6-29 18:39-debug: 图片拷贝压缩任务 √40%
2023-6-29 18:39-debug: 将资源拷贝到指定位置 start40%
2023-6-29 18:39-log: // ---- 将资源拷贝到指定位置 ----
2023-6-29 18:39-debug: Process: heapTotal 623.63MB heapUsed 515.58MB rss 52.36MB
2023-6-29 18:39-debug: 构建自动图集 start27%
2023-6-29 18:39-log: // ---- 构建自动图集 ----
2023-6-29 18:39-debug: Asset Bundle(resources) handle assets: 861
2023-6-29 18:39-debug: Asset Bundle(main) handle assets: 26
2023-6-29 18:39-debug: 将资源拷贝到指定位置 √47%
2023-6-29 18:39-debug: 将分组后的 json 与散文件构建到指定位置 start47%
2023-6-29 18:39-log: // ---- 将分组后的 json 与散文件构建到指定位置 ----
2023-6-29 18:39-debug: Process: heapTotal 623.63MB heapUsed 516.08MB rss 53.71MB
2023-6-29 18:39-debug: Json group(build-task/json) compile success，json number: 6
2023-6-29 18:39-debug: Json group(build-task/json) compile success，json number: 6
2023-6-29 18:39-debug: 将分组后的 json 与散文件构建到指定位置 √53%
2023-6-29 18:39-debug: 压缩 Zip Bundle start53%
2023-6-29 18:39-debug: Process: heapTotal 630.63MB heapUsed 518.62MB rss 89.98MB
2023-6-29 18:39-debug: 给所有的资源加上 MD5 后缀 start60%
2023-6-29 18:39-log: // ---- 给所有的资源加上 MD5 后缀 ----
2023-6-29 18:39-debug: Process: heapTotal 630.63MB heapUsed 518.65MB rss 90.25MB
2023-6-29 18:39-log: // ---- 压缩 Zip Bundle ----
2023-6-29 18:39-debug: 给所有的资源加上 MD5 后缀 √70%
2023-6-29 18:39-debug: 初始化 settings.json 与 config.json start70%
2023-6-29 18:39-log: // ---- 初始化 settings.json 与 config.json ----
2023-6-29 18:39-debug: Process: heapTotal 630.63MB heapUsed 518.67MB rss 90.27MB
2023-6-29 18:39-debug: 初始化 settings.json 与 config.json √71%
2023-6-29 18:39-debug: 压缩 Zip Bundle √60%
2023-6-29 18:39-debug: tasks.settings.macro start71%
2023-6-29 18:39-log: // ---- tasks.settings.macro ----
2023-6-29 18:39-debug: Process: heapTotal 630.63MB heapUsed 518.71MB rss 90.59MB
2023-6-29 18:39-debug: tasks.settings.macro 字段未在编辑器多语言内定义
2023-6-29 18:39-debug: tasks.settings.macro √71%
2023-6-29 18:39-debug: 使用缓存 settings.json start71%
2023-6-29 18:39-log: // ---- 使用缓存 settings.json ----
2023-6-29 18:39-debug: Process: heapTotal 630.63MB heapUsed 518.80MB rss 90.63MB
2023-6-29 18:39-debug: 使用缓存 settings.json √72%
2023-6-29 18:39-debug: custom joint texture layouts start72%
2023-6-29 18:39-log: // ---- custom joint texture layouts ----
2023-6-29 18:39-debug: Process: heapTotal 630.63MB heapUsed 518.87MB rss 91.07MB
2023-6-29 18:39-debug: custom joint texture layouts √72%
2023-6-29 18:39-debug: custom joint physics start72%
2023-6-29 18:39-log: // ---- custom joint physics ----
2023-6-29 18:39-debug: Process: heapTotal 630.63MB heapUsed 518.91MB rss 91.11MB
2023-6-29 18:39-debug: custom joint physics √73%
2023-6-29 18:39-debug: 填充脚本数据到 settings.json start73%
2023-6-29 18:39-log: // ---- 填充脚本数据到 settings.json ----
2023-6-29 18:39-debug: Process: heapTotal 630.63MB heapUsed 518.93MB rss 91.12MB
2023-6-29 18:39-debug: 填充脚本数据到 settings.json √73%
2023-6-29 18:39-debug: 填充场景数据到 settings.json start73%
2023-6-29 18:39-log: // ---- 填充场景数据到 settings.json ----
2023-6-29 18:39-debug: Process: heapTotal 630.63MB heapUsed 518.95MB rss 91.14MB
2023-6-29 18:39-debug: 填充场景数据到 settings.json √74%
2023-6-29 18:39-debug: 整理资源分组，生成 packedAssets 以及 rawAssets 数据 start74%
2023-6-29 18:39-log: // ---- 整理资源分组，生成 packedAssets 以及 rawAssets 数据 ----
2023-6-29 18:39-debug: Process: heapTotal 630.63MB heapUsed 518.97MB rss 91.17MB
2023-6-29 18:39-debug: 整理资源分组，生成 packedAssets 以及 rawAssets 数据 √74%
2023-6-29 18:39-debug: 从 suffixMap 生成 md5AssetsMap 到 settings.json start74%
2023-6-29 18:39-log: // ---- 从 suffixMap 生成 md5AssetsMap 到 settings.json ----
2023-6-29 18:39-debug: Process: heapTotal 630.63MB heapUsed 519.32MB rss 92.53MB
2023-6-29 18:39-debug: options.md5Cache is false.
2023-6-29 18:39-debug: 从 suffixMap 生成 md5AssetsMap 到 settings.json √75%
2023-6-29 18:39-debug: // ---- web-mobile:(onBeforeCompressSettings) ----
2023-6-29 18:39-debug: Process: heapTotal 630.63MB heapUsed 519.35MB rss 92.58MB
2023-6-29 18:39-debug: cocos-service:(onBeforeCompressSettings) start...77%
2023-6-29 18:39-debug: // ---- cocos-service:(onBeforeCompressSettings) ----
2023-6-29 18:39-debug: Process: heapTotal 630.63MB heapUsed 519.38MB rss 92.66MB
2023-6-29 18:39-debug: web-mobile:(onBeforeCompressSettings) start...75%
2023-6-29 18:39-debug: // ---- web-mobile:(onBeforeCompressSettings) success ----
2023-6-29 18:39-debug: web-mobile:(onBeforeCompressSettings)77%
2023-6-29 18:39-debug: // ---- cocos-service:(onBeforeCompressSettings) success ----
2023-6-29 18:39-debug: cocos-service:(onBeforeCompressSettings)80%
2023-6-29 18:39-debug:  start80%
2023-6-29 18:39-log: // ----  ----
2023-6-29 18:39-debug: Process: heapTotal 630.63MB heapUsed 519.52MB rss 93.22MB
2023-6-29 18:39-debug:  √81%
2023-6-29 18:39-debug: 压缩 config.json 与 settings.json start81%
2023-6-29 18:39-log: // ---- 压缩 config.json 与 settings.json ----
2023-6-29 18:39-debug: Process: heapTotal 630.63MB heapUsed 519.57MB rss 93.66MB
2023-6-29 18:39-debug: 压缩 config.json 与 settings.json √82%
2023-6-29 18:39-debug: 保存 config.json start82%
2023-6-29 18:39-log: // ---- 保存 config.json ----
2023-6-29 18:39-debug: Process: heapTotal 630.63MB heapUsed 520.34MB rss 94.14MB
2023-6-29 18:39-debug: 保存 config.json √83%
2023-6-29 18:39-debug: 保存 settings.json start83%
2023-6-29 18:39-log: // ---- 保存 settings.json ----
2023-6-29 18:39-debug: Process: heapTotal 630.63MB heapUsed 520.57MB rss 94.48MB
2023-6-29 18:39-debug: 保存 settings.json √84%
2023-6-29 18:39-debug: 整理静态模板文件 √85%
2023-6-29 18:39-debug: cocos-service:(onAfterCompressSettings) start...85%
2023-6-29 18:39-debug: Process: heapTotal 630.63MB heapUsed 520.68MB rss 94.63MB
2023-6-29 18:39-debug: Process: heapTotal 630.63MB heapUsed 521.16MB rss 113.34MB
2023-6-29 18:39-debug: 整理静态模板文件 start84%
2023-6-29 18:39-log: // ---- 整理静态模板文件 ----
2023-6-29 18:39-debug: // ---- cocos-service:(onAfterCompressSettings) ----
2023-6-29 18:39-debug: // ---- cocos-service:(onAfterCompressSettings) success ----
2023-6-29 18:39-debug: cocos-service:(onAfterCompressSettings)87%
2023-6-29 18:39-debug: // ---- web-mobile:(onAfterBuild) ----
2023-6-29 18:39-debug: Process: heapTotal 630.63MB heapUsed 519.83MB rss 114.55MB
2023-6-29 18:39-debug: web-mobile:(onAfterBuild)90%
2023-6-29 18:39-debug: cocos-service:(onAfterBuild) start...90%
2023-6-29 18:39-debug: // ---- cocos-service:(onAfterBuild) ----
2023-6-29 18:39-debug: web-mobile:(onAfterBuild) start...87%
2023-6-29 18:39-debug: // ---- web-mobile:(onAfterBuild) success ----
2023-6-29 18:39-debug: Process: heapTotal 630.63MB heapUsed 521.67MB rss 116.56MB
2023-6-29 18:39-debug: // ---- cocos-service:(onAfterBuild) success ----
2023-6-29 18:39-debug: cocos-service:(onAfterBuild)93%
2023-6-29 18:39-debug: build success in 94253 ms!
2023-6-29 18:39-debug: Stop record console. {file(E:\cocosproject\Dome\cocos-start-demo\temp\builder\log\web-mobile2023-6-29 18-38.log)}
